<?xml version="1.0" encoding="UTF-8"?>
<!-- Generated by org.testng.reporters.JUnitReportReporter -->
<testsuite skipped="0" hostname="Qapitols-Mac-mini.local" name="com.project.test.loginTest" tests="1" failures="0" timestamp="2020-01-09T13:38:36 IST" time="5.413" errors="0">
  <testcase name="goToLoginWithValideUser" time="5.413" classname="com.project.test.loginTest"/>
</testsuite> <!-- com.project.test.loginTest -->
